2024-03-17 09:44:09,160 INFO SPI service [com.alipay.sofa.jraft.JRaftServiceFactory - com.alipay.sofa.jraft.core.DefaultJRaftServiceFactory] loading.

2024-03-17 09:44:09,311 INFO SPI service [com.alipay.sofa.jraft.rpc.RaftRpcFactory - com.alipay.sofa.jraft.rpc.impl.GrpcRaftRpcFactory] loading.

2024-03-17 09:44:09,443 INFO SPI service [com.alipay.sofa.jraft.util.JRaftSignalHandler - com.alipay.sofa.jraft.NodeDescribeSignalHandler] loading.

2024-03-17 09:44:09,444 INFO SPI service [com.alipay.sofa.jraft.util.JRaftSignalHandler - com.alipay.sofa.jraft.NodeMetricsSignalHandler] loading.

2024-03-17 09:44:09,445 INFO SPI service [com.alipay.sofa.jraft.util.JRaftSignalHandler - com.alipay.sofa.jraft.ThreadPoolMetricsSignalHandler] loading.

2024-03-17 09:44:09,447 INFO SPI service [com.alipay.sofa.jraft.util.timer.RaftTimerFactory - com.alipay.sofa.jraft.util.timer.DefaultRaftTimerFactory] loading.

2024-03-17 09:44:09,455 INFO The number of active nodes increment to 1.

2024-03-17 09:44:09,637 INFO Starts FSMCaller successfully.

2024-03-17 09:44:09,661 INFO Loading snapshot, meta=last_included_index: 2
last_included_term: 2
peers: "dd30b00ecbfa:7848"
.

2024-03-17 09:44:09,798 INFO Node <naming_persistent_service_v2/dd30b00ecbfa:7848> onSnapshotLoadDone, last_included_index: 2
last_included_term: 2
peers: "dd30b00ecbfa:7848"


2024-03-17 09:44:09,802 INFO Node <naming_persistent_service_v2/dd30b00ecbfa:7848> target priority value has changed from: 0, to: -1.

2024-03-17 09:44:09,829 INFO Node <naming_persistent_service_v2/dd30b00ecbfa:7848> init, term=2, lastLogId=LogId [index=2, term=2], conf=dd30b00ecbfa:7848, oldConf=.

2024-03-17 09:44:09,844 INFO Node <naming_persistent_service_v2/dd30b00ecbfa:7848> start vote and grant vote self, term=2.

2024-03-17 09:44:09,867 INFO Save raft meta, path=/home/nacos/data/protocol/raft/naming_persistent_service_v2/meta-data, term=3, votedFor=dd30b00ecbfa:7848, cost time=21 ms

2024-03-17 09:44:09,868 INFO Node <naming_persistent_service_v2/dd30b00ecbfa:7848> become leader of group, term=3, conf=dd30b00ecbfa:7848, oldConf=.

2024-03-17 09:44:09,871 INFO -Djraft.recyclers.maxCapacityPerThread: 4096.

2024-03-17 09:44:09,877 WARN RPC server is not started in RaftGroupService.

2024-03-17 09:44:09,878 INFO Start the RaftGroupService successfully.

2024-03-17 09:44:09,911 INFO The number of active nodes increment to 2.

2024-03-17 09:44:09,941 INFO onLeaderStart: term=3.

2024-03-17 09:44:10,046 INFO Starts FSMCaller successfully.

2024-03-17 09:44:10,048 INFO Loading snapshot, meta=last_included_index: 8
last_included_term: 2
peers: "dd30b00ecbfa:7848"
.

2024-03-17 09:44:10,050 WARN Channel in TRANSIENT_FAILURE state: dd30b00ecbfa:7848.

2024-03-17 09:44:10,050 WARN Channel in SHUTDOWN state: dd30b00ecbfa:7848.

2024-03-17 09:44:10,054 INFO Node <naming_instance_metadata/dd30b00ecbfa:7848> onSnapshotLoadDone, last_included_index: 8
last_included_term: 2
peers: "dd30b00ecbfa:7848"


2024-03-17 09:44:10,055 INFO Node <naming_instance_metadata/dd30b00ecbfa:7848> target priority value has changed from: 0, to: -1.

2024-03-17 09:44:10,059 INFO Node <naming_instance_metadata/dd30b00ecbfa:7848> init, term=2, lastLogId=LogId [index=8, term=2], conf=dd30b00ecbfa:7848, oldConf=.

2024-03-17 09:44:10,061 INFO Node <naming_instance_metadata/dd30b00ecbfa:7848> start vote and grant vote self, term=2.

2024-03-17 09:44:10,069 INFO Save raft meta, path=/home/nacos/data/protocol/raft/naming_instance_metadata/meta-data, term=3, votedFor=dd30b00ecbfa:7848, cost time=7 ms

2024-03-17 09:44:10,069 INFO Node <naming_instance_metadata/dd30b00ecbfa:7848> become leader of group, term=3, conf=dd30b00ecbfa:7848, oldConf=.

2024-03-17 09:44:10,070 WARN RPC server is not started in RaftGroupService.

2024-03-17 09:44:10,070 INFO Start the RaftGroupService successfully.

2024-03-17 09:44:10,072 INFO onLeaderStart: term=3.

2024-03-17 09:44:10,084 INFO The number of active nodes increment to 3.

2024-03-17 09:44:10,291 INFO Starts FSMCaller successfully.

2024-03-17 09:44:10,293 INFO Loading snapshot, meta=last_included_index: 3
last_included_term: 2
peers: "dd30b00ecbfa:7848"
.

2024-03-17 09:44:10,295 INFO Node <naming_service_metadata/dd30b00ecbfa:7848> onSnapshotLoadDone, last_included_index: 3
last_included_term: 2
peers: "dd30b00ecbfa:7848"


2024-03-17 09:44:10,295 INFO Node <naming_service_metadata/dd30b00ecbfa:7848> target priority value has changed from: 0, to: -1.

2024-03-17 09:44:10,296 INFO Node <naming_service_metadata/dd30b00ecbfa:7848> init, term=2, lastLogId=LogId [index=3, term=2], conf=dd30b00ecbfa:7848, oldConf=.

2024-03-17 09:44:10,300 INFO Node <naming_service_metadata/dd30b00ecbfa:7848> start vote and grant vote self, term=2.

2024-03-17 09:44:10,310 INFO Save raft meta, path=/home/nacos/data/protocol/raft/naming_service_metadata/meta-data, term=3, votedFor=dd30b00ecbfa:7848, cost time=7 ms

2024-03-17 09:44:10,310 INFO Node <naming_service_metadata/dd30b00ecbfa:7848> become leader of group, term=3, conf=dd30b00ecbfa:7848, oldConf=.

2024-03-17 09:44:10,311 WARN RPC server is not started in RaftGroupService.

2024-03-17 09:44:10,311 INFO Start the RaftGroupService successfully.

2024-03-17 09:44:10,314 INFO onLeaderStart: term=3.

2024-03-17 10:00:06,566 INFO Deleting snapshot /home/nacos/data/protocol/raft/naming_persistent_service_v2/snapshot/snapshot_3.

2024-03-17 10:00:06,567 INFO Renaming /home/nacos/data/protocol/raft/naming_persistent_service_v2/snapshot/temp to /home/nacos/data/protocol/raft/naming_persistent_service_v2/snapshot/snapshot_3.

2024-03-17 10:00:06,567 INFO Deleting snapshot /home/nacos/data/protocol/raft/naming_persistent_service_v2/snapshot/snapshot_2.

2024-03-17 10:01:11,388 INFO Deleting snapshot /home/nacos/data/protocol/raft/naming_service_metadata/snapshot/snapshot_4.

2024-03-17 10:01:11,388 INFO Renaming /home/nacos/data/protocol/raft/naming_service_metadata/snapshot/temp to /home/nacos/data/protocol/raft/naming_service_metadata/snapshot/snapshot_4.

2024-03-17 10:01:11,389 INFO Deleting snapshot /home/nacos/data/protocol/raft/naming_service_metadata/snapshot/snapshot_3.

2024-03-17 10:03:14,785 INFO Deleting snapshot /home/nacos/data/protocol/raft/naming_instance_metadata/snapshot/snapshot_9.

2024-03-17 10:03:14,786 INFO Renaming /home/nacos/data/protocol/raft/naming_instance_metadata/snapshot/temp to /home/nacos/data/protocol/raft/naming_instance_metadata/snapshot/snapshot_9.

2024-03-17 10:03:14,787 INFO Deleting snapshot /home/nacos/data/protocol/raft/naming_instance_metadata/snapshot/snapshot_8.

