2024-03-17 09:43:51,056 INFO notifyConnectTimeout:100

2024-03-17 09:43:51,100 INFO notifySocketTimeout:200

2024-03-17 09:43:51,104 INFO isHealthCheck:true

2024-03-17 09:43:51,104 INFO maxHealthCheckFailCount:12

2024-03-17 09:43:51,104 INFO maxContent:10485760

2024-03-17 09:44:03,604 INFO use local db service for init

2024-03-17 09:44:05,416 WARN Lexical error at line 4, column 66.  Encountered: <EOF> after : "".

2024-03-17 09:44:05,420 WARN Syntax error: Encountered "*" at line 1, column 1.

2024-03-17 09:44:05,585 WARN Table/View 'CONFIG_INFO' already exists in Schema 'NACOS'.

2024-03-17 09:44:05,763 WARN Table/View 'HIS_CONFIG_INFO' already exists in Schema 'NACOS'.

2024-03-17 09:44:05,867 WARN Table/View 'CONFIG_INFO_BETA' already exists in Schema 'NACOS'.

2024-03-17 09:44:05,901 WARN Table/View 'CONFIG_INFO_TAG' already exists in Schema 'NACOS'.

2024-03-17 09:44:05,918 WARN Table/View 'CONFIG_INFO_AGGR' already exists in Schema 'NACOS'.

2024-03-17 09:44:05,959 WARN Table/View 'APP_LIST' already exists in Schema 'NACOS'.

2024-03-17 09:44:05,980 WARN Table/View 'APP_CONFIGDATA_RELATION_SUBS' already exists in Schema 'NACOS'.

2024-03-17 09:44:05,996 WARN Table/View 'APP_CONFIGDATA_RELATION_PUBS' already exists in Schema 'NACOS'.

2024-03-17 09:44:06,014 WARN Table/View 'CONFIG_TAGS_RELATION' already exists in Schema 'NACOS'.

2024-03-17 09:44:06,048 WARN Table/View 'GROUP_CAPACITY' already exists in Schema 'NACOS'.

2024-03-17 09:44:06,086 WARN Table/View 'TENANT_CAPACITY' already exists in Schema 'NACOS'.

2024-03-17 09:44:06,206 WARN Table/View 'TENANT_INFO' already exists in Schema 'NACOS'.

2024-03-17 09:44:06,292 WARN Table/View 'USERS' already exists in Schema 'NACOS'.

2024-03-17 09:44:06,321 WARN Table/View 'ROLES' already exists in Schema 'NACOS'.

2024-03-17 09:44:06,343 WARN Table/View 'PERMISSIONS' already exists in Schema 'NACOS'.

2024-03-17 09:44:06,547 WARN The statement was aborted because it would have caused a duplicate key value in a unique or primary key constraint or unique index identified by 'SQL240315112243400' defined on 'USERS'.

2024-03-17 09:44:06,600 WARN The statement was aborted because it would have caused a duplicate key value in a unique or primary key constraint or unique index identified by 'UK_USERNAME_ROLE' defined on 'ROLES'.

2024-03-17 09:44:06,624 WARN Lexical error at line 4, column 13.  Encountered: "`" (96), after : "".

2024-03-17 09:44:06,626 WARN Lexical error at line 1, column 13.  Encountered: "`" (96), after : "".

2024-03-17 09:44:06,627 WARN Lexical error at line 1, column 13.  Encountered: "`" (96), after : "".

2024-03-17 09:44:06,627 WARN Lexical error at line 1, column 13.  Encountered: "`" (96), after : "".

2024-03-17 09:44:06,631 INFO use StandaloneDatabaseOperateImpl

2024-03-17 09:44:06,870 WARN DumpService start

2024-03-17 09:44:06,977 INFO start clear all config-info.

2024-03-17 09:44:06,995 WARN clear all config-info failed.

2024-03-17 09:44:07,021 WARN clear all config-info-tenant failed.

2024-03-17 09:44:07,312 INFO [all-dump] 742587907176415232 / 742587907176415232

2024-03-17 09:44:07,313 INFO start clear all config-info-beta.

2024-03-17 09:44:07,313 WARN clear all config-info-beta failed.

2024-03-17 09:44:07,314 WARN clear all config-info-beta-tenant failed.

2024-03-17 09:44:07,362 INFO start clear all config-info-tag.

2024-03-17 09:44:07,363 WARN clear all config-info-tag failed.

2024-03-17 09:44:07,363 WARN clear all config-info-tag-tenant failed.

